c:\users\jahangir\documents\gamai\minerapplication\minerapplication\debug\minerapplication.pch
c:\users\jahangir\documents\gamai\minerapplication\minerapplication\debug\vc140.pdb
c:\users\jahangir\documents\gamai\minerapplication\minerapplication\debug\vc140.idb
c:\users\jahangir\documents\gamai\minerapplication\minerapplication\debug\stdafx.obj
c:\users\jahangir\documents\gamai\minerapplication\minerapplication\debug\miner.obj
c:\users\jahangir\documents\gamai\minerapplication\minerapplication\debug\minerapplication.obj
c:\users\jahangir\documents\gamai\minerapplication\minerapplication\debug\state.obj
c:\users\jahangir\documents\gamai\minerapplication\minerapplication\debug\miningforgold.obj
\\su1\ud\up815962\downloads\chrome downloads\minerapplication (2)\minerapplication\minerapplication\debug\minerapplication.pch
\\su1\ud\up815962\downloads\chrome downloads\minerapplication (2)\minerapplication\minerapplication\debug\vc142.pdb
\\su1\ud\up815962\downloads\chrome downloads\minerapplication (2)\minerapplication\minerapplication\debug\vc142.idb
\\su1\ud\up815962\downloads\chrome downloads\minerapplication (2)\minerapplication\minerapplication\debug\stdafx.obj
\\su1\ud\up815962\downloads\chrome downloads\minerapplication (2)\minerapplication\minerapplication\debug\state.obj
\\su1\ud\up815962\downloads\chrome downloads\minerapplication (2)\minerapplication\minerapplication\debug\miningforgold.obj
\\su1\ud\up815962\downloads\chrome downloads\minerapplication (2)\minerapplication\minerapplication\debug\minerapplication.obj
\\su1\ud\up815962\downloads\chrome downloads\minerapplication (2)\minerapplication\minerapplication\debug\miner.obj
\\su1\ud\up815962\downloads\chrome downloads\minerapplication (2)\minerapplication\minerapplication\debug\banking.obj
c:\users\jahangir\documents\gamai\minerapplication\debug\minerapplication.ilk
c:\users\jahangir\documents\gamai\minerapplication\debug\minerapplication.exe
c:\users\jahangir\documents\gamai\minerapplication\debug\minerapplication.pdb
\\su1\ud\up815962\downloads\chrome downloads\minerapplication (2)\minerapplication\minerapplication\debug\vc140.idb
\\su1\ud\up815962\downloads\chrome downloads\minerapplication (2)\minerapplication\minerapplication\debug\vc140.pdb
\\su1\ud\up815962\downloads\chrome downloads\minerapplication (2)\minerapplication\debug\minerapplication.pdb
\\su1\ud\up815962\downloads\chrome downloads\minerapplication (2)\minerapplication\minerapplication\debug\minerapplication.tlog\cl.command.1.tlog
\\su1\ud\up815962\downloads\chrome downloads\minerapplication (2)\minerapplication\minerapplication\debug\minerapplication.tlog\cl.read.1.tlog
\\su1\ud\up815962\downloads\chrome downloads\minerapplication (2)\minerapplication\minerapplication\debug\minerapplication.tlog\cl.write.1.tlog
\\su1\ud\up815962\downloads\chrome downloads\minerapplication (2)\minerapplication\minerapplication\debug\minerapplication.tlog\link-cvtres.read.1.tlog
\\su1\ud\up815962\downloads\chrome downloads\minerapplication (2)\minerapplication\minerapplication\debug\minerapplication.tlog\link-cvtres.write.1.tlog
\\su1\ud\up815962\downloads\chrome downloads\minerapplication (2)\minerapplication\minerapplication\debug\minerapplication.tlog\link-rc.read.1.tlog
\\su1\ud\up815962\downloads\chrome downloads\minerapplication (2)\minerapplication\minerapplication\debug\minerapplication.tlog\link-rc.write.1.tlog
\\su1\ud\up815962\downloads\chrome downloads\minerapplication (2)\minerapplication\minerapplication\debug\minerapplication.tlog\link.command.1.tlog
\\su1\ud\up815962\downloads\chrome downloads\minerapplication (2)\minerapplication\minerapplication\debug\minerapplication.tlog\link.delete.1.tlog
\\su1\ud\up815962\downloads\chrome downloads\minerapplication (2)\minerapplication\minerapplication\debug\minerapplication.tlog\link.read.1.tlog
\\su1\ud\up815962\downloads\chrome downloads\minerapplication (2)\minerapplication\minerapplication\debug\minerapplication.tlog\link.write.1.tlog
